<?xml version="1.0" encoding="UTF-8"?>
<!-- Generated by org.testng.reporters.JUnitXMLReporter -->
<testsuite hostname="Home-PC" ignored="0" name="Test" tests="5" failures="0" timestamp="28 Mar 2018 05:40:25 GMT" time="41.33" errors="0">
  <testcase name="test" time="0.141" classname="santoshparking.homepage.parkapp"/>
  <testcase name="test" time="5.158" classname="santoshparking.homepage.parkapp2"/>
  <testcase name="test" time="0.691" classname="santoshparking.homepage.parkapp3"/>
  <testcase name="test1" time="0.933" classname="santoshparking.homepage.parkapp3"/>
  <testcase name="test2" time="0.828" classname="santoshparking.homepage.parkapp3"/>
</testsuite> <!-- Test -->
