<?xml version="1.0" encoding="UTF-8"?>
<testng-results skipped="0" failed="0" ignored="0" total="4" passed="4">
  <reporter-output>
  </reporter-output>
  <suite name="Default suite" duration-ms="28563" started-at="2018-04-03T11:51:09Z" finished-at="2018-04-03T11:51:37Z">
    <groups>
    </groups>
    <test name="Default test" duration-ms="28563" started-at="2018-04-03T11:51:09Z" finished-at="2018-04-03T11:51:37Z">
      <class name="santodhparki.screencaptureforchrome">
        <test-method status="PASS" signature="setup()[pri:0, instance:santodhparki.screencaptureforchrome@72d818d1]" name="setup" is-config="true" duration-ms="8833" started-at="2018-04-03T17:21:09Z" finished-at="2018-04-03T17:21:18Z">
          <reporter-output>
          </reporter-output>
        </test-method> <!-- setup -->
        <test-method status="PASS" signature="test()[pri:0, instance:santodhparki.screencaptureforchrome@72d818d1]" name="test" duration-ms="3722" started-at="2018-04-03T17:21:18Z" finished-at="2018-04-03T17:21:21Z">
          <reporter-output>
          </reporter-output>
        </test-method> <!-- test -->
        <test-method status="PASS" signature="tests()[pri:1, instance:santodhparki.screencaptureforchrome@72d818d1]" name="tests" duration-ms="3785" started-at="2018-04-03T17:21:21Z" finished-at="2018-04-03T17:21:25Z">
          <reporter-output>
          </reporter-output>
        </test-method> <!-- tests -->
        <test-method status="PASS" signature="test1()[pri:2, instance:santodhparki.screencaptureforchrome@72d818d1]" name="test1" duration-ms="3434" started-at="2018-04-03T17:21:25Z" finished-at="2018-04-03T17:21:29Z">
          <reporter-output>
          </reporter-output>
        </test-method> <!-- test1 -->
        <test-method status="PASS" signature="test2()[pri:3, instance:santodhparki.screencaptureforchrome@72d818d1]" name="test2" duration-ms="3379" started-at="2018-04-03T17:21:29Z" finished-at="2018-04-03T17:21:32Z">
          <reporter-output>
          </reporter-output>
        </test-method> <!-- test2 -->
        <test-method status="PASS" signature="exit()[pri:0, instance:santodhparki.screencaptureforchrome@72d818d1]" name="exit" is-config="true" duration-ms="5360" started-at="2018-04-03T17:21:32Z" finished-at="2018-04-03T17:21:37Z">
          <reporter-output>
          </reporter-output>
        </test-method> <!-- exit -->
      </class> <!-- santodhparki.screencaptureforchrome -->
    </test> <!-- Default test -->
  </suite> <!-- Default suite -->
</testng-results>
