<?xml version="1.0" encoding="UTF-8"?>
<testng-results skipped="0" failed="0" ignored="0" total="3" passed="3">
  <reporter-output>
  </reporter-output>
  <suite name="Default suite" duration-ms="13694" started-at="2018-03-28T05:31:45Z" finished-at="2018-03-28T05:31:58Z">
    <groups>
    </groups>
    <test name="Default test" duration-ms="13694" started-at="2018-03-28T05:31:45Z" finished-at="2018-03-28T05:31:58Z">
      <class name="santoshparking.homepage.parkapp3">
        <test-method status="PASS" signature="setup()[pri:0, instance:santoshparking.homepage.parkapp3@72d818d1]" name="setup" is-config="true" duration-ms="6218" started-at="2018-03-28T11:01:45Z" finished-at="2018-03-28T11:01:51Z">
          <reporter-output>
          </reporter-output>
        </test-method> <!-- setup -->
        <test-method status="PASS" signature="test()[pri:0, instance:santoshparking.homepage.parkapp3@72d818d1]" name="test" duration-ms="648" started-at="2018-03-28T11:01:51Z" finished-at="2018-03-28T11:01:52Z">
          <reporter-output>
          </reporter-output>
        </test-method> <!-- test -->
        <test-method status="PASS" signature="test1()[pri:0, instance:santoshparking.homepage.parkapp3@72d818d1]" name="test1" duration-ms="953" started-at="2018-03-28T11:01:52Z" finished-at="2018-03-28T11:01:53Z">
          <reporter-output>
          </reporter-output>
        </test-method> <!-- test1 -->
        <test-method status="PASS" signature="test2()[pri:0, instance:santoshparking.homepage.parkapp3@72d818d1]" name="test2" duration-ms="763" started-at="2018-03-28T11:01:53Z" finished-at="2018-03-28T11:01:53Z">
          <reporter-output>
          </reporter-output>
        </test-method> <!-- test2 -->
        <test-method status="PASS" signature="exit()[pri:0, instance:santoshparking.homepage.parkapp3@72d818d1]" name="exit" is-config="true" duration-ms="5071" started-at="2018-03-28T11:01:53Z" finished-at="2018-03-28T11:01:58Z">
          <reporter-output>
          </reporter-output>
        </test-method> <!-- exit -->
      </class> <!-- santoshparking.homepage.parkapp3 -->
    </test> <!-- Default test -->
  </suite> <!-- Default suite -->
</testng-results>
