<?xml version="1.0" encoding="UTF-8"?>
<!-- Generated by org.testng.reporters.JUnitXMLReporter -->
<testsuite hostname="Home-PC" ignored="1" name="Test" tests="8" failures="0" timestamp="01 Apr 2018 11:14:03 GMT" time="21.574" errors="0">
  <testcase name="@BeforeTest setup" time="12.228" classname="santodhparki.screencaptureforie">
    <failure type="org.openqa.selenium.WebDriverException" message="java.net.SocketException: Connection reset
Build info: version: &amp;apos;3.10.0&amp;apos;, revision: &amp;apos;176b4a9&amp;apos;, time: &amp;apos;2018-03-02T19:03:16.397Z&amp;apos;
System info: host: &amp;apos;HOME-PC&amp;apos;, ip: &amp;apos;192.168.1.6&amp;apos;, os.name: &amp;apos;Windows 7&amp;apos;, os.arch: &amp;apos;amd64&amp;apos;, os.version: &amp;apos;6.1&amp;apos;, java.version: &amp;apos;1.8.0_162&amp;apos;
Driver info: driver.version: InternetExplorerDriver">
      <![CDATA[org.openqa.selenium.WebDriverException: java.net.SocketException: Connection resetBuild info: version: '3.10.0', revision: '176b4a9', time: '2018-03-02T19:03:16.397Z'System info: host: 'HOME-PC', ip: '192.168.1.6', os.name: 'Windows 7', os.arch: 'amd64', os.version: '6.1', java.version: '1.8.0_162'Driver info: driver.version: InternetExplorerDriverat org.openqa.selenium.remote.service.DriverCommandExecutor.execute(DriverCommandExecutor.java:92)at org.openqa.selenium.remote.RemoteWebDriver.execute(RemoteWebDriver.java:601)at org.openqa.selenium.remote.RemoteWebDriver.startSession(RemoteWebDriver.java:219)at org.openqa.selenium.ie.InternetExplorerDriver.run(InternetExplorerDriver.java:223)at org.openqa.selenium.ie.InternetExplorerDriver.<init>(InternetExplorerDriver.java:215)at org.openqa.selenium.ie.InternetExplorerDriver.<init>(InternetExplorerDriver.java:152)at santodhparki.screencaptureforie.setup(screencaptureforie.java:27)Caused by: java.net.SocketException: Connection resetat java.net.SocketInputStream.read(Unknown Source)at java.net.SocketInputStream.read(Unknown Source)at okio.Okio$2.read(Okio.java:139)at okio.AsyncTimeout$2.read(AsyncTimeout.java:237)at okio.RealBufferedSource.indexOf(RealBufferedSource.java:345)at okio.RealBufferedSource.readUtf8LineStrict(RealBufferedSource.java:217)at okhttp3.internal.http1.Http1Codec.readHeaderLine(Http1Codec.java:212)at okhttp3.internal.http1.Http1Codec.readResponseHeaders(Http1Codec.java:189)at okhttp3.internal.http.CallServerInterceptor.intercept(CallServerInterceptor.java:88)at okhttp3.internal.http.RealInterceptorChain.proceed(RealInterceptorChain.java:147)at okhttp3.internal.connection.ConnectInterceptor.intercept(ConnectInterceptor.java:45)at okhttp3.internal.http.RealInterceptorChain.proceed(RealInterceptorChain.java:147)at okhttp3.internal.http.RealInterceptorChain.proceed(RealInterceptorChain.java:121)at okhttp3.internal.cache.CacheInterceptor.intercept(CacheInterceptor.java:93)at okhttp3.internal.http.RealInterceptorChain.proceed(RealInterceptorChain.java:147)at okhttp3.internal.http.RealInterceptorChain.proceed(RealInterceptorChain.java:121)at okhttp3.internal.http.BridgeInterceptor.intercept(BridgeInterceptor.java:93)at okhttp3.internal.http.RealInterceptorChain.proceed(RealInterceptorChain.java:147)at okhttp3.internal.http.RetryAndFollowUpInterceptor.intercept(RetryAndFollowUpInterceptor.java:125)at okhttp3.internal.http.RealInterceptorChain.proceed(RealInterceptorChain.java:147)at okhttp3.internal.http.RealInterceptorChain.proceed(RealInterceptorChain.java:121)at okhttp3.RealCall.getResponseWithInterceptorChain(RealCall.java:200)at okhttp3.RealCall.execute(RealCall.java:77)at org.openqa.selenium.remote.internal.OkHttpClient.execute(OkHttpClient.java:101)at org.openqa.selenium.remote.ProtocolHandshake.createSession(ProtocolHandshake.java:101)at org.openqa.selenium.remote.ProtocolHandshake.createSession(ProtocolHandshake.java:73)at org.openqa.selenium.remote.HttpCommandExecutor.execute(HttpCommandExecutor.java:138)at org.openqa.selenium.remote.service.DriverCommandExecutor.execute(DriverCommandExecutor.java:83)... 30 more... Removed 24 stack frames]]>
    </failure>
  </testcase> <!-- @BeforeTest setup -->
  <testcase name="@AfterTest exit" time="0.0" classname="santodhparki.screencaptureforchrome">
    <skipped/>
  </testcase> <!-- @AfterTest exit -->
  <testcase name="@AfterTest exit" time="0.0" classname="santodhparki.screencaptureforfirefox">
    <skipped/>
  </testcase> <!-- @AfterTest exit -->
  <testcase name="@AfterTest exit" time="0.0" classname="santodhparki.screencaptureforie">
    <skipped/>
  </testcase> <!-- @AfterTest exit -->
  <testcase name="test" time="0.0" classname="santodhparki.screencaptureforfirefox">
    <skipped/>
  </testcase> <!-- test -->
  <testcase name="test" time="0.0" classname="santodhparki.screencaptureforchrome">
    <skipped/>
  </testcase> <!-- test -->
  <testcase name="test1" time="0.0" classname="santodhparki.screencaptureforchrome">
    <skipped/>
  </testcase> <!-- test1 -->
  <testcase name="test2" time="0.0" classname="santodhparki.screencaptureforchrome">
    <skipped/>
  </testcase> <!-- test2 -->
  <testcase name="test" time="0.0" classname="santodhparki.screencaptureforie">
    <skipped/>
  </testcase> <!-- test -->
  <testcase name="test1" time="0.0" classname="santodhparki.screencaptureforie">
    <skipped/>
  </testcase> <!-- test1 -->
  <testcase name="test2" time="0.0" classname="santodhparki.screencaptureforie">
    <skipped/>
  </testcase> <!-- test2 -->
  <testcase name="test2" time="0.0" classname="santodhparki.screencaptureforfirefox">
    <skipped/>
  </testcase> <!-- test2 -->
  <testcase name="test1" time="0.0" classname="santodhparki.screencaptureforfirefox">
    <ignored/>
  </testcase> <!-- test1 -->
</testsuite> <!-- Test -->
