<?xml version="1.0" encoding="UTF-8"?>
<!-- Generated by org.testng.reporters.JUnitXMLReporter -->
<testsuite hostname="Home-PC" ignored="0" name="Testie" tests="1" failures="0" timestamp="01 Apr 2018 10:23:45 GMT" time="0.058" errors="0">
  <testcase name="@BeforeTest setup" time="0.016" classname="santoshparking.homepage.parkapp4">
    <failure type="java.lang.IllegalStateException" message="The driver executable does not exist: D:\rms backup\project backup\santoshparking\src\main\resources\drivers\IEDriverServer.exe">
      <![CDATA[java.lang.IllegalStateException: The driver executable does not exist: D:\rms backup\project backup\santoshparking\src\main\resources\drivers\IEDriverServer.exeat com.google.common.base.Preconditions.checkState(Preconditions.java:585)at org.openqa.selenium.remote.service.DriverService.checkExecutable(DriverService.java:136)at org.openqa.selenium.remote.service.DriverService.findExecutable(DriverService.java:131)at org.openqa.selenium.ie.InternetExplorerDriverService.access$000(InternetExplorerDriverService.java:32)at org.openqa.selenium.ie.InternetExplorerDriverService$Builder.findDefaultExecutable(InternetExplorerDriverService.java:167)at org.openqa.selenium.remote.service.DriverService$Builder.build(DriverService.java:339)at org.openqa.selenium.ie.InternetExplorerDriver.setupService(InternetExplorerDriver.java:291)at org.openqa.selenium.ie.InternetExplorerDriver.<init>(InternetExplorerDriver.java:213)at org.openqa.selenium.ie.InternetExplorerDriver.<init>(InternetExplorerDriver.java:152)at santoshparking.homepage.parkapp4.setup(parkapp4.java:47)... Removed 24 stack frames]]>
    </failure>
  </testcase> <!-- @BeforeTest setup -->
  <testcase name="@AfterTest exit" time="0.0" classname="santoshparking.homepage.parkapp4">
    <skipped/>
  </testcase> <!-- @AfterTest exit -->
  <testcase name="test" time="0.0" classname="santoshparking.homepage.parkapp4">
    <skipped/>
  </testcase> <!-- test -->
</testsuite> <!-- Testie -->
