<?xml version="1.0" encoding="UTF-8"?>
<testng-results skipped="0" failed="0" ignored="0" total="1" passed="1">
  <reporter-output>
  </reporter-output>
  <suite name="Suite" duration-ms="14915" started-at="2018-03-27T09:54:33Z" finished-at="2018-03-27T09:54:47Z">
    <groups>
    </groups>
    <test name="Test" duration-ms="14915" started-at="2018-03-27T09:54:33Z" finished-at="2018-03-27T09:54:47Z">
      <class name="santoshparking.homepage.parkapp2">
        <test-method status="PASS" signature="setup()[pri:0, instance:santoshparking.homepage.parkapp2@234bef66]" name="setup" is-config="true" duration-ms="6969" started-at="2018-03-27T15:24:33Z" finished-at="2018-03-27T15:24:39Z">
          <reporter-output>
          </reporter-output>
        </test-method> <!-- setup -->
        <test-method status="PASS" signature="test()[pri:0, instance:santoshparking.homepage.parkapp2@234bef66]" name="test" duration-ms="4763" started-at="2018-03-27T15:24:39Z" finished-at="2018-03-27T15:24:44Z">
          <reporter-output>
          </reporter-output>
        </test-method> <!-- test -->
        <test-method status="PASS" signature="exit()[pri:0, instance:santoshparking.homepage.parkapp2@234bef66]" name="exit" is-config="true" duration-ms="3170" started-at="2018-03-27T15:24:44Z" finished-at="2018-03-27T15:24:47Z">
          <reporter-output>
          </reporter-output>
        </test-method> <!-- exit -->
      </class> <!-- santoshparking.homepage.parkapp2 -->
    </test> <!-- Test -->
  </suite> <!-- Suite -->
</testng-results>
