<?xml version="1.0" encoding="UTF-8"?>
<!-- Generated by org.testng.reporters.JUnitXMLReporter -->
<testsuite hostname="Home-PC" ignored="0" name="Default test" tests="4" failures="0" timestamp="03 Apr 2018 11:51:37 GMT" time="28.563" errors="0">
  <testcase name="test" time="3.722" classname="santodhparki.screencaptureforchrome"/>
  <testcase name="tests" time="3.785" classname="santodhparki.screencaptureforchrome"/>
  <testcase name="test1" time="3.434" classname="santodhparki.screencaptureforchrome"/>
  <testcase name="test2" time="3.379" classname="santodhparki.screencaptureforchrome"/>
</testsuite> <!-- Default test -->
