<?xml version="1.0" encoding="UTF-8"?>
<!-- Generated by org.testng.reporters.JUnitXMLReporter -->
<testsuite hostname="Home-PC" ignored="1" name="Default test" tests="2" failures="0" timestamp="01 Apr 2018 10:59:12 GMT" time="12.066" errors="0">
  <testcase name="test" time="0.662" classname="santoshparking.homepage.screencaptureforfirefox"/>
  <testcase name="test2" time="0.827" classname="santoshparking.homepage.screencaptureforfirefox"/>
  <testcase name="test1" time="0.0" classname="santoshparking.homepage.screencaptureforfirefox">
    <ignored/>
  </testcase> <!-- test1 -->
</testsuite> <!-- Default test -->
